<?xml version="1.0" encoding="UTF-8"?>
<testng-results ignored="0" total="1" passed="1" failed="0" skipped="0">
  <reporter-output>
  </reporter-output>
  <suite started-at="2021-01-04T22:09:40 PST" name="InetBankingV1" finished-at="2021-01-04T22:09:50 PST" duration-ms="10611">
    <groups>
    </groups>
    <test started-at="2021-01-04T22:09:40 PST" name="BankingApp Test" finished-at="2021-01-04T22:09:50 PST" duration-ms="10611">
      <class name="com.inetBanking.testCases.TC_LoginTest_001">
        <test-method is-config="true" signature="setUp(java.lang.String)[pri:0, instance:com.inetBanking.testCases.TC_LoginTest_001@4c309d4d]" started-at="2021-01-04T22:09:40 PST" name="setUp" finished-at="2021-01-04T22:09:46 PST" duration-ms="5974" status="PASS">
          <params>
            <param index="0">
              <value>
                <![CDATA[firefox]]>
              </value>
            </param>
          </params>
          <reporter-output>
          </reporter-output>
        </test-method> <!-- setUp -->
        <test-method signature="loginTest()[pri:0, instance:com.inetBanking.testCases.TC_LoginTest_001@4c309d4d]" started-at="2021-01-04T22:09:46 PST" name="loginTest" finished-at="2021-01-04T22:09:47 PST" duration-ms="1772" status="PASS">
          <reporter-output>
          </reporter-output>
        </test-method> <!-- loginTest -->
        <test-method is-config="true" signature="tearDown()[pri:0, instance:com.inetBanking.testCases.TC_LoginTest_001@4c309d4d]" started-at="2021-01-04T22:09:47 PST" name="tearDown" finished-at="2021-01-04T22:09:50 PST" duration-ms="2682" status="PASS">
          <reporter-output>
          </reporter-output>
        </test-method> <!-- tearDown -->
      </class> <!-- com.inetBanking.testCases.TC_LoginTest_001 -->
    </test> <!-- BankingApp Test -->
  </suite> <!-- InetBankingV1 -->
</testng-results>
